<?xml version="1.0" encoding="UTF-8" ?>
<testsuite tests="22" failures="2" name="com.vooc.TestRunner.TestRunner" time="0.045" errors="0" skipped="0">
  <properties>
[...]
</properties>
  <testcase classname="Scenario: /accounts/login/" name="Given Execute call &quot;POST&quot; APi with uri: &quot;/accounts/login/&quot;" time="0.005"/>
  <testcase classname="Scenario: /accounts/login/" name="Given Execute check status &quot;200&quot; response is true" time="0"/>
  <testcase classname="Scenario: /accounts/login/" name="Given Execute check header response as below" time="0"/>
  <testcase classname="Scenario: /accounts/login/" name="Given Execute check body response with &quot;profile&quot; key as below" time="0"/>
  <testcase classname="Scenario: /accounts/login/" name="Scenario: /accounts/login/" time="0.015"/>
  <testcase classname="Scenario: /profile/user/" name="Given Execute call &quot;GET&quot; method with uri: &quot;/profile/user/&quot; and token" time="0"/>
  <testcase classname="Scenario: /profile/user/" name="Given Execute check status &quot;200&quot; response is true" time="0"/>
  <testcase classname="Scenario: /profile/user/" name="Given Execute check header response as below" time="0"/>
  <testcase classname="Scenario: /profile/user/" name="Given Execute check body response with &quot;Not Yet&quot; key as below" time="0"/>
  <testcase classname="Scenario: /profile/user/" name="Scenario: /profile/user/" time="0.007"/>
  <testcase classname="Scenario: /personal/package/info/" name="Given Execute call &quot;GET&quot; method with uri: &quot;/personal/package/info/&quot; and token" time="0.001"/>
  <testcase classname="Scenario: /personal/package/info/" name="Given Execute check status &quot;200&quot; response is true" time="0"/>
  <testcase classname="Scenario: /personal/package/info/" name="Given Execute check header response as below" time="0"/>
  <testcase classname="Scenario: /personal/package/info/" name="Given Execute check body response with &quot;Not Yet&quot; key as below" time="0"/>
  <testcase classname="Scenario: /personal/package/info/" name="Given Execute check body response with &quot;time_package&quot; key as below" time="0.005">
    <failure type="java.lang.AssertionError">java.lang.AssertionError
	at org.junit.Assert.fail(Assert.java:86)
	at org.junit.Assert.assertTrue(Assert.java:41)
	at org.junit.Assert.assertTrue(Assert.java:52)
	at com.vooc.Pages.CommonApi.CheckContentResponse(CommonApi.java:125)
	at com.vooc.StepDefinition.CommonApiSteps.ExecuteCheckContentResponse(CommonApiSteps.java:41)
	at ✽.Given Execute check body response with &quot;time_package&quot; key as below(APiCheck.feature:33)
</failure>
    <system-out>Body Response actual: Gói c? b?n
Body Response expected: Gói c? b?n
Body Response actual: 699000
Body Response expected: 619000
</system-out>
  </testcase>
  <testcase classname="Scenario: /personal/package/info/" name="Scenario: /personal/package/info/" time="0.005">
    <failure type="java.lang.AssertionError">java.lang.AssertionError
	at org.junit.Assert.fail(Assert.java:86)
	at org.junit.Assert.assertTrue(Assert.java:41)
	at org.junit.Assert.assertTrue(Assert.java:52)
	at com.vooc.Pages.CommonApi.CheckContentResponse(CommonApi.java:125)
	at com.vooc.StepDefinition.CommonApiSteps.ExecuteCheckContentResponse(CommonApiSteps.java:41)
	at ✽.Given Execute check body response with &quot;time_package&quot; key as below(APiCheck.feature:33)
</failure>
  </testcase>
  <testcase classname="Scenario: /personal/info/" name="Given Execute call POST method with uri: &quot;/personal/info/&quot; have params below" time="0"/>
  <testcase classname="Scenario: /personal/info/" name="Given Execute check status &quot;200&quot; response is true" time="0"/>
  <testcase classname="Scenario: /personal/info/" name="Given Execute check header response as below" time="0"/>
  <testcase classname="Scenario: /personal/info/" name="Given Execute check body response with &quot;personal&quot; key as below" time="0"/>
  <testcase classname="Scenario: /personal/info/" name="Given Execute check body response with &quot;kid&quot; key as below" time="0"/>
  <testcase classname="Scenario: /personal/info/" name="Scenario: /personal/info/" time="0.007"/>
</testsuite>